2019-04-08 07:40:40

<<<<<<<2019-04-09 08:46:20

<<<<<<<2019-04-09 08:48:14

<<<<<<<2019-04-16 10:58:53
<xml><ToUserName><![CDATA[gh_dad3107d10b3]]></ToUserName>
<FromUserName><![CDATA[oRqEl1rmcayXz9Z7UzkapLaxv7AM]]></FromUserName>
<CreateTime>1555383030</CreateTime>
<MsgType><![CDATA[text]]></MsgType>
<Content><![CDATA[北京]]></Content>
<MsgId>22267732583307908</MsgId>
</xml>
<<<<<<<2019-04-16 10:59:23
<xml><ToUserName><![CDATA[gh_dad3107d10b3]]></ToUserName>
<FromUserName><![CDATA[oRqEl1rmcayXz9Z7UzkapLaxv7AM]]></FromUserName>
<CreateTime>1555383030</CreateTime>
<MsgType><![CDATA[text]]></MsgType>
<Content><![CDATA[北京+天气]]></Content>
<MsgId>22267732583307908</MsgId>
</xml>
<<<<<<<2019-04-16 10:59:55
<xml><ToUserName><![CDATA[gh_dad3107d10b3]]></ToUserName>
<FromUserName><![CDATA[oRqEl1rmcayXz9Z7UzkapLaxv7AM]]></FromUserName>
<CreateTime>1555383030</CreateTime>
<MsgType><![CDATA[text]]></MsgType>
<Content><![CDATA[北京+天气]]></Content>
<MsgId>22267732583307908</MsgId>
</xml>
<<<<<<<2019-04-16 11:23:12
<xml><ToUserName><![CDATA[gh_dad3107d10b3]]></ToUserName>
<FromUserName><![CDATA[oRqEl1rmcayXz9Z7UzkapLaxv7AM]]></FromUserName>
<CreateTime>1555383030</CreateTime>
<MsgType><![CDATA[text]]></MsgType>
<Content><![CDATA[北京+天气]]></Content>
<MsgId>22267732583307908</MsgId>
</xml>
<<<<<<<2019-04-16 11:24:20
<xml><ToUserName><![CDATA[gh_dad3107d10b3]]></ToUserName>
<FromUserName><![CDATA[oRqEl1rmcayXz9Z7UzkapLaxv7AM]]></FromUserName>
<CreateTime>1555383030</CreateTime>
<MsgType><![CDATA[text]]></MsgType>
<Content><![CDATA[北京+天气]]></Content>
<MsgId>22267732583307908</MsgId>
</xml>
<<<<<<<2019-04-16 11:24:46
<xml><ToUserName><![CDATA[gh_dad3107d10b3]]></ToUserName>
<FromUserName><![CDATA[oRqEl1rmcayXz9Z7UzkapLaxv7AM]]></FromUserName>
<CreateTime>1555383030</CreateTime>
<MsgType><![CDATA[text]]></MsgType>
<Content><![CDATA[北京+天气]]></Content>
<MsgId>22267732583307908</MsgId>
</xml>
<<<<<<<2019-04-16 11:25:22
<xml><ToUserName><![CDATA[gh_dad3107d10b3]]></ToUserName>
<FromUserName><![CDATA[oRqEl1rmcayXz9Z7UzkapLaxv7AM]]></FromUserName>
<CreateTime>1555383030</CreateTime>
<MsgType><![CDATA[text]]></MsgType>
<Content><![CDATA[北京+天气]]></Content>
<MsgId>22267732583307908</MsgId>
</xml>
<<<<<<<2019-04-16 11:25:41
<xml><ToUserName><![CDATA[gh_dad3107d10b3]]></ToUserName>
<FromUserName><![CDATA[oRqEl1rmcayXz9Z7UzkapLaxv7AM]]></FromUserName>
<CreateTime>1555383030</CreateTime>
<MsgType><![CDATA[text]]></MsgType>
<Content><![CDATA[北京+天气]]></Content>
<MsgId>22267732583307908</MsgId>
</xml>
<<<<<<<2019-04-16 11:26:22
<xml><ToUserName><![CDATA[gh_dad3107d10b3]]></ToUserName>
<FromUserName><![CDATA[oRqEl1rmcayXz9Z7UzkapLaxv7AM]]></FromUserName>
<CreateTime>1555383030</CreateTime>
<MsgType><![CDATA[text]]></MsgType>
<Content><![CDATA[北京+天气]]></Content>
<MsgId>22267732583307908</MsgId>
</xml>
<<<<<<<2019-04-16 11:26:41
<xml><ToUserName><![CDATA[gh_dad3107d10b3]]></ToUserName>
<FromUserName><![CDATA[oRqEl1rmcayXz9Z7UzkapLaxv7AM]]></FromUserName>
<CreateTime>1555383030</CreateTime>
<MsgType><![CDATA[text]]></MsgType>
<Content><![CDATA[北京+天气]]></Content>
<MsgId>22267732583307908</MsgId>
</xml>
<<<<<<<2019-04-16 11:27:33
<xml><ToUserName><![CDATA[gh_dad3107d10b3]]></ToUserName>
<FromUserName><![CDATA[oRqEl1rmcayXz9Z7UzkapLaxv7AM]]></FromUserName>
<CreateTime>1555383030</CreateTime>
<MsgType><![CDATA[text]]></MsgType>
<Content><![CDATA[北京+天气]]></Content>
<MsgId>22267732583307908</MsgId>
</xml>
<<<<<<<2019-04-16 11:35:05
<xml><ToUserName><![CDATA[gh_dad3107d10b3]]></ToUserName>
<FromUserName><![CDATA[oRqEl1rmcayXz9Z7UzkapLaxv7AM]]></FromUserName>
<CreateTime>1555383030</CreateTime>
<MsgType><![CDATA[text]]></MsgType>
<Content><![CDATA[北京+天气]]></Content>
<MsgId>22267732583307908</MsgId>
</xml>
<<<<<<<2019-04-16 11:35:38
<xml><ToUserName><![CDATA[gh_dad3107d10b3]]></ToUserName>
<FromUserName><![CDATA[oRqEl1rmcayXz9Z7UzkapLaxv7AM]]></FromUserName>
<CreateTime>1555383030</CreateTime>
<MsgType><![CDATA[text]]></MsgType>
<Content><![CDATA[南京+天气]]></Content>
<MsgId>22267732583307908</MsgId>
</xml>
<<<<<<<2019-04-16 11:36:50
<xml><ToUserName><![CDATA[gh_dad3107d10b3]]></ToUserName>
<FromUserName><![CDATA[oRqEl1rmcayXz9Z7UzkapLaxv7AM]]></FromUserName>
<CreateTime>1555383030</CreateTime>
<MsgType><![CDATA[text]]></MsgType>
<Content><![CDATA[南京+天气]]></Content>
<MsgId>22267732583307908</MsgId>
</xml>
<<<<<<<2019-04-16 11:37:06
<xml><ToUserName><![CDATA[gh_dad3107d10b3]]></ToUserName>
<FromUserName><![CDATA[oRqEl1rmcayXz9Z7UzkapLaxv7AM]]></FromUserName>
<CreateTime>1555383030</CreateTime>
<MsgType><![CDATA[text]]></MsgType>
<Content><![CDATA[南京+天气]]></Content>
<MsgId>22267732583307908</MsgId>
</xml>
<<<<<<<2019-04-16 11:38:10
<xml><ToUserName><![CDATA[gh_dad3107d10b3]]></ToUserName>
<FromUserName><![CDATA[oRqEl1rmcayXz9Z7UzkapLaxv7AM]]></FromUserName>
<CreateTime>1555383030</CreateTime>
<MsgType><![CDATA[text]]></MsgType>
<Content><![CDATA[南京+天气]]></Content>
<MsgId>22267732583307908</MsgId>
</xml>
<<<<<<<2019-04-16 11:39:54
<xml><ToUserName><![CDATA[gh_dad3107d10b3]]></ToUserName>
<FromUserName><![CDATA[oRqEl1rmcayXz9Z7UzkapLaxv7AM]]></FromUserName>
<CreateTime>1555383030</CreateTime>
<MsgType><![CDATA[text]]></MsgType>
<Content><![CDATA[南京+天气]]></Content>
<MsgId>22267732583307908</MsgId>
</xml>
<<<<<<<2019-04-16 11:45:21
<xml><ToUserName><![CDATA[gh_dad3107d10b3]]></ToUserName>
<FromUserName><![CDATA[oRqEl1rmcayXz9Z7UzkapLaxv7AM]]></FromUserName>
<CreateTime>1555383030</CreateTime>
<MsgType><![CDATA[text]]></MsgType>
<Content><![CDATA[南京+天气]]></Content>
<MsgId>22267732583307908</MsgId>
</xml>
<<<<<<<2019-04-16 11:46:40
<xml><ToUserName><![CDATA[gh_dad3107d10b3]]></ToUserName>
<FromUserName><![CDATA[oRqEl1rmcayXz9Z7UzkapLaxv7AM]]></FromUserName>
<CreateTime>1555383030</CreateTime>
<MsgType><![CDATA[text]]></MsgType>
<Content><![CDATA[南京+天气]]></Content>
<MsgId>22267732583307908</MsgId>
</xml>
<<<<<<<2019-04-16 11:47:47
<xml><ToUserName><![CDATA[gh_dad3107d10b3]]></ToUserName>
<FromUserName><![CDATA[oRqEl1rmcayXz9Z7UzkapLaxv7AM]]></FromUserName>
<CreateTime>1555383030</CreateTime>
<MsgType><![CDATA[text]]></MsgType>
<Content><![CDATA[南京+天气]]></Content>
<MsgId>22267732583307908</MsgId>
</xml>
<<<<<<<2019-04-16 11:48:39
<xml><ToUserName><![CDATA[gh_dad3107d10b3]]></ToUserName>
<FromUserName><![CDATA[oRqEl1rmcayXz9Z7UzkapLaxv7AM]]></FromUserName>
<CreateTime>1555383030</CreateTime>
<MsgType><![CDATA[text]]></MsgType>
<Content><![CDATA[南京+天气]]></Content>
<MsgId>22267732583307908</MsgId>
</xml>
<<<<<<<2019-04-16 11:57:45
<xml><ToUserName><![CDATA[gh_dad3107d10b3]]></ToUserName>
<FromUserName><![CDATA[oRqEl1rmcayXz9Z7UzkapLaxv7AM]]></FromUserName>
<CreateTime>1555383030</CreateTime>
<MsgType><![CDATA[text]]></MsgType>
<Content><![CDATA[南京+天气]]></Content>
<MsgId>22267732583307908</MsgId>
</xml>
<<<<<<<2019-04-16 11:58:05
<xml><ToUserName><![CDATA[gh_dad3107d10b3]]></ToUserName>
<FromUserName><![CDATA[oRqEl1rmcayXz9Z7UzkapLaxv7AM]]></FromUserName>
<CreateTime>1555383030</CreateTime>
<MsgType><![CDATA[text]]></MsgType>
<Content><![CDATA[南京+天气]]></Content>
<MsgId>22267732583307908</MsgId>
</xml>
<<<<<<<2019-04-16 11:58:48
<xml><ToUserName><![CDATA[gh_dad3107d10b3]]></ToUserName>
<FromUserName><![CDATA[oRqEl1rmcayXz9Z7UzkapLaxv7AM]]></FromUserName>
<CreateTime>1555383030</CreateTime>
<MsgType><![CDATA[text]]></MsgType>
<Content><![CDATA[南京+天气]]></Content>
<MsgId>22267732583307908</MsgId>
</xml>
<<<<<<<2019-04-16 12:04:13
<xml><ToUserName><![CDATA[gh_dad3107d10b3]]></ToUserName>
<FromUserName><![CDATA[oRqEl1rmcayXz9Z7UzkapLaxv7AM]]></FromUserName>
<CreateTime>1555383030</CreateTime>
<MsgType><![CDATA[text]]></MsgType>
<Content><![CDATA[南京+天气]]></Content>
<MsgId>22267732583307908</MsgId>
</xml>
<<<<<<<2019-04-16 13:35:49
<xml><ToUserName><![CDATA[gh_dad3107d10b3]]></ToUserName>
<FromUserName><![CDATA[oRqEl1rmcayXz9Z7UzkapLaxv7AM]]></FromUserName>
<CreateTime>1555383030</CreateTime>
<MsgType><![CDATA[text]]></MsgType>
<Content><![CDATA[南京+天气]]></Content>
<MsgId>22267732583307908</MsgId>
</xml>
<<<<<<<2019-04-16 13:40:45
<xml><ToUserName><![CDATA[gh_dad3107d10b3]]></ToUserName>
<FromUserName><![CDATA[oRqEl1rmcayXz9Z7UzkapLaxv7AM]]></FromUserName>
<CreateTime>1555383030</CreateTime>
<MsgType><![CDATA[text]]></MsgType>
<Content><![CDATA[南京+天气]]></Content>
<MsgId>22267732583307908</MsgId>
</xml>
<<<<<<<2019-04-16 13:44:29
<xml><ToUserName><![CDATA[gh_dad3107d10b3]]></ToUserName>
<FromUserName><![CDATA[oRqEl1rmcayXz9Z7UzkapLaxv7AM]]></FromUserName>
<CreateTime>1555383030</CreateTime>
<MsgType><![CDATA[text]]></MsgType>
<Content><![CDATA[南京+天气]]></Content>
<MsgId>22267732583307908</MsgId>
</xml>
<<<<<<<2019-04-16 18:21:53
<xml><ToUserName><![CDATA[gh_dad3107d10b3]]></ToUserName>
<FromUserName><![CDATA[oRqEl1rmcayXz9Z7UzkapLaxv7AM]]></FromUserName>
<CreateTime>1555383030</CreateTime>
<MsgType><![CDATA[text]]></MsgType>
<Content><![CDATA[临汾+天气]]></Content>
<MsgId>22267732583307908</MsgId>
</xml>
<<<<<<<2019-04-18 20:20:13
<xml><ToUserName><![CDATA[gh_dad3107d10b3]]></ToUserName>
<FromUserName><![CDATA[oRqEl1rmcayXz9Z7UzkapLaxv7AM]]></FromUserName>
<CreateTime>1555383030</CreateTime>
<MsgType><![CDATA[text]]></MsgType>
<Content><![CDATA[临汾+天气]]></Content>
<MsgId>22267732583307908</MsgId>
</xml>
<<<<<<<2019-04-19 09:28:16
<xml><ToUserName><![CDATA[gh_dad3107d10b3]]></ToUserName>
<FromUserName><![CDATA[oRqEl1rmcayXz9Z7UzkapLaxv7AM]]></FromUserName>
<CreateTime>1555383030</CreateTime>
<MsgType><![CDATA[text]]></MsgType>
<Content><![CDATA[临汾+天气]]></Content>
<MsgId>22267732583307908</MsgId>
</xml>
<<<<<<<